# JRE version: Java(TM) SE Runtime Environment (21.0.9+7) (build 21.0.9+7-LTS-338)
# Java VM: Java HotSpot(TM) 64-Bit Server VM (21.0.9+7-LTS-338, mixed mode, emulated-client, sharing, tiered, compressed oops, compressed class ptrs, g1 gc, windows-amd64)
GC Precious Log:
 CardTable entry size: 512
 Card Set container configuration: InlinePtr #cards 5 size 8 Array Of Cards #cards 12 size 40 Howl #buckets 4 coarsen threshold 1843 Howl Bitmap #cards 512 size 80 coarsen threshold 460 Card regions per heap region 1 cards per card region 2048
 CPUs: 2 total, 2 available
 Memory: 3901M
 Large Page Support: Disabled
 NUMA Support: Disabled
 Compressed Oops: Enabled (32-bit)
 Heap Region Size: 1M
 Heap Min Capacity: 8M
 Heap Initial Capacity: 62M
 Heap Max Capacity: 976M
 Pre-touch: Disabled
 Parallel Workers: 2
 Concurrent Workers: 1
 Concurrent Refinement Workers: 2
 Periodic GC: Disabled
Heap:
 garbage-first heap   total 63488K, used 28522K [0x00000000c3000000, 0x0000000100000000)
  region size 1024K, 22 young (22528K), 2 survivors (2048K)
 Metaspace       used 13552K, committed 13888K, reserved 1114112K
  class space    used 1813K, committed 1984K, reserved 1048576K
GC Heap History (8 events):
Event: 2.673 GC heap before
{Heap before GC invocations=0 (full 0):
 garbage-first heap   total 63488K, used 6144K [0x00000000c3000000, 0x0000000100000000)
  region size 1024K, 6 young (6144K), 0 survivors (0K)
 Metaspace       used 443K, committed 640K, reserved 1114112K
  class space    used 37K, committed 128K, reserved 1048576K
}
Event: 2.686 GC heap after
{Heap after GC invocations=1 (full 0):
 garbage-first heap   total 63488K, used 4832K [0x00000000c3000000, 0x0000000100000000)
  region size 1024K, 1 young (1024K), 1 survivors (1024K)
 Metaspace       used 443K, committed 640K, reserved 1114112K
  class space    used 37K, committed 128K, reserved 1048576K
}
Event: 2.918 GC heap before
{Heap before GC invocations=1 (full 0):
 garbage-first heap   total 63488K, used 7904K [0x00000000c3000000, 0x0000000100000000)
  region size 1024K, 4 young (4096K), 1 survivors (1024K)
 Metaspace       used 2206K, committed 2368K, reserved 1114112K
  class space    used 227K, committed 320K, reserved 1048576K
}
Event: 2.921 GC heap after
{Heap after GC invocations=2 (full 0):
 garbage-first heap   total 63488K, used 7998K [0x00000000c3000000, 0x0000000100000000)
  region size 1024K, 1 young (1024K), 1 survivors (1024K)
 Metaspace       used 2206K, committed 2368K, reserved 1114112K
  class space    used 227K, committed 320K, reserved 1048576K
}
Event: 3.229 GC heap before
{Heap before GC invocations=2 (full 0):
 garbage-first heap   total 63488K, used 14142K [0x00000000c3000000, 0x0000000100000000)
  region size 1024K, 7 young (7168K), 1 survivors (1024K)
 Metaspace       used 4712K, committed 4928K, reserved 1114112K
  class space    used 540K, committed 640K, reserved 1048576K
}
Event: 3.233 GC heap after
{Heap after GC invocations=3 (full 0):
 garbage-first heap   total 63488K, used 8906K [0x00000000c3000000, 0x0000000100000000)
  region size 1024K, 1 young (1024K), 1 survivors (1024K)
 Metaspace       used 4712K, committed 4928K, reserved 1114112K
  class space    used 540K, committed 640K, reserved 1048576K
}
Event: 4.630 GC heap before
{Heap before GC invocations=3 (full 0):
 garbage-first heap   total 63488K, used 21194K [0x00000000c3000000, 0x0000000100000000)
  region size 1024K, 13 young (13312K), 1 survivors (1024K)
 Metaspace       used 8925K, committed 9280K, reserved 1114112K
  class space    used 1105K, committed 1280K, reserved 1048576K
}
Event: 4.638 GC heap after
{Heap after GC invocations=4 (full 0):
 garbage-first heap   total 63488K, used 10090K [0x00000000c3000000, 0x0000000100000000)
  region size 1024K, 2 young (2048K), 2 survivors (2048K)
 Metaspace       used 8925K, committed 9280K, reserved 1114112K
  class space    used 1105K, committed 1280K, reserved 1048576K
}

